about.c
about.dlg
article.doc
article.rtf
article2.doc
article2.rtf
bishop.bmp
bishopm.bmp
bishopo.bmp
board.c
book.c
change.log
chess.c
chess.DEF
chess.dlg
chess.doc
chess.exe
chess.h
chess.hlp
chess.hlp
chess.hpj
chess.ico
chess.mak
chess.rc
chess.rtf
color.c
color.dlg
color.h
copying
copying.doc
copying.rtf
create.c
defs.h
dsp.c
eval.c
files.lst
getnum.dlg
globals.c
gnuchess.boo
gnuchess.h
heuristi.doc
heuristi.rtf
hittest.c
init.c
initiali.c
initmenu.c
king.bmp
kingm.bmp
kingo.bmp
knight.bmp
knightm.bmp
knighto.bmp
makever.c
manual.c
manual.dlg
match.doc
match.rtf
move-gen.doc
move-gen.rtf
mswdsp.c
numdlg.c
pawn.bmp
pawnm.bmp
pawno.bmp
piece.c
promote.c
promote.dlg
queen.bmp
queenm.bmp
queeno.bmp
readme.txt
review.c
review.dlg
rook.bmp
rookm.bmp
rooko.bmp
saveopen.c
saveopen.dlg
saveopen.h
search.c
stats.c
stats.dlg
stats.h
test.c
test.dlg
timecnt.c
timecnt.dlg
timecnt.h
todo
version.c
winport
